2.972964109250877951e-02 8.990446456122697799e-03
1.007918848060329609e-01 1.371825090866112262e-01
2.517201569821340690e-01 9.918260470963360942e-02
1.243305924120052947e-01 1.165456144033281960e-01
1.295248523662172746e-01 4.832418545817304678e-01
9.552279436835005300e-02 8.895820239842642252e-01
6.666269134567359700e-03 4.912917975568995566e-01
2.122864130100344804e-01 6.545112601649697437e-01
9.737004146539945948e-01 2.431534445429061123e-02
5.184413805258394209e-02 8.343902055609552226e-01
1.528222464765294480e-04 2.239648134466434848e-02
5.526043990236517711e-01 1.495568977736937318e-02
4.612498652023377388e-01 2.788464984419145726e-02
3.345705749724895428e-01 1.250474526192024149e-01
1.169100998351114279e-01 2.589884050371686341e-01
1.762624921450597071e-01 4.920103319710870671e-01
1.288727421204748369e-01 5.545753229149934516e-01
3.739457361009053127e-01 5.966486411879059482e-01
2.469626063932156557e-01 3.098304401397295460e-01
7.604910220633225547e-03 5.104835748683571595e-01
1.715811165586253462e-02 6.402832743498998447e-01
5.261707858883130431e-03 6.795681572339541399e-01
2.378208811470578984e-02 6.883534671092277346e-01
5.302313571869694542e-01 3.119265115388992204e-01
1.377385012074437698e-01 4.642178039651805310e-01
7.553155274149727649e-01 1.492188899270756319e-01
5.159834699995735630e-01 3.123675048363312445e-01
5.406861511445624213e-01 6.403105254011633857e-04
3.246061827917864212e-03 7.280842707272436320e-02
7.421862110500705434e-01 1.177730152936928287e-01
5.223348923179917114e-02 9.470632675090405739e-01
4.135558999529060364e-01 2.256975111807809145e-03
3.900493381863546771e-01 5.985886204666065469e-01
3.089208149903854284e-01 4.203580540492593554e-03
6.922059216774772983e-01 9.244780866687407617e-02
6.507066984484828343e-01 4.238316222221607393e-02
4.678556834397133990e-01 5.117753757020551131e-01
8.674136261655411573e-03 5.400608111031059977e-01
2.773776601500546612e-01 7.206787831021608248e-01
3.847584449136499246e-02 1.529225863397049083e-05
6.241472553142839441e-01 6.833161170357400505e-02
6.274537115445530944e-01 2.721750036050329946e-01
3.757844999478909265e-01 1.997719512478768056e-01
2.855770511961368621e-02 2.501625413790562469e-01
8.112398530176829770e-01 1.875139299810408833e-01
7.983478948504493244e-01 5.979389759873526833e-04
1.150330152025983224e-02 1.623967222437024821e-02
2.750730242673000148e-01 8.297580209436566934e-02
8.597727320017109487e-02 1.661612073796208955e-01
4.598222231748754218e-01 2.462417537077833396e-01
1.830270822512428119e-04 8.403209595932519260e-01
6.087570749101234302e-02 3.094929098361622888e-01
1.954155921341144686e-01 7.378334888952701176e-01
5.081702852368817913e-01 1.782258743623311714e-01
7.606243373333134716e-01 4.949714598764327206e-03
6.217057668466379194e-01 2.925112110156103951e-01
3.028382654328897194e-01 1.458400208753878602e-01
6.013524652978698981e-01 2.951633232840078502e-02
3.284839885591309683e-01 3.668942899645397104e-01
2.022680627686840593e-01 1.814127336397469703e-02
7.419573038669636800e-01 2.002366102905410103e-03
9.506203286229961691e-01 1.983782288088637574e-02
4.316195404575099981e-01 2.921192363995158692e-01
2.487808252291197342e-02 8.193124511519224162e-01
2.031497489763549602e-01 4.642320050640276752e-01
1.109828593266307950e-01 1.446049113781520123e-01
6.804809382518907379e-03 3.375686229382253156e-01
7.583049143069789388e-02 9.220784737563870737e-01
1.441598671602859483e-01 4.055575467040561932e-01
7.272349108371713999e-01 5.100740714058177305e-02
3.172015170578105225e-01 1.688477175167985012e-01
1.635701923323774065e-01 7.007107180811970037e-01
6.476783318256423838e-02 3.542682043078419496e-01
8.249664627709333287e-01 1.557314524867722261e-01
6.805786111550967687e-01 2.997628628354886415e-01
2.731141379755157583e-01 5.153623191560389172e-01
2.457212674040629152e-01 3.269942206745227176e-01
8.469104741336614950e-01 4.058968271459886812e-02
1.266474147668414096e-01 7.666455803385288092e-01
1.068904521568925063e-03 9.467077094201281628e-01
3.889086289066981394e-01 6.066632687804939250e-01
9.516156852894462892e-01 3.250145965480608773e-02
1.709398014812578692e-01 3.115561623094578181e-01
3.208638099670999000e-01 6.668014190773349226e-01
7.271226013984818937e-03 2.725246305138077640e-01
1.504169138481018519e-01 1.409711867768406908e-02
3.392592495889645149e-02 7.345173698940212770e-01
6.118506772108094349e-01 2.047203747955323172e-01
4.462671150582537827e-01 3.391397670810408216e-01
3.342859491406182104e-01 9.380238988207695305e-03
4.117441701635068951e-04 5.649993390838049523e-01
1.332799067413049654e-01 2.857528211986770650e-02
2.740855768114517366e-01 7.257454868562449590e-01
4.524000743126057600e-01 5.538409602504633378e-02
6.877560045154330615e-01 2.508208157123319459e-01
5.596707728293578987e-02 1.860587138651341177e-01
6.440798492696017119e-01 4.581844382539548496e-03
6.404898181445700667e-01 3.073974771884506740e-01
1.099437643248098034e-01 4.027548797372039191e-01
8.193225843418315835e-01 1.708847388396190214e-01
4.942396086439352354e-01 3.983295429647295549e-01
4.762521887460404169e-01 2.893325812656015183e-01
6.180831725649211794e-01 4.689622051237518630e-03
7.924427269740669244e-02 5.049252640456799446e-01
4.253188355419218990e-03 2.035041104049562996e-02
2.015978063099554962e-01 7.946514864060344463e-01
8.278699537450602275e-01 5.507853942803028757e-02
3.023721608025348173e-01 5.159365885550654118e-02
4.248032703333917692e-02 8.916984862366102993e-01
7.254824086323111709e-01 5.733582312741569709e-03
5.214559502138665925e-01 8.872452726538210960e-03
3.181583897800943084e-01 1.012463991568677835e-01
6.300422925397154428e-01 3.693367226686844473e-01
7.883409450183028744e-01 1.471170413816359213e-01
3.115696544997204609e-01 2.575259285602043285e-02
8.179653461285365523e-01 1.820233472791759899e-01
1.895798603923130043e-01 1.022728071847646691e-01
7.095456462688322363e-02 2.967396809080259379e-01
2.276293729169551749e-01 5.110193911804717937e-01
1.148757932234114598e-01 4.745733862789975888e-01
7.477159621719770000e-02 8.765686851736698149e-01
2.478566516263315811e-01 3.048717220137346362e-01
1.547428912761241449e-01 1.499630197039728552e-01
1.378802811145293794e-02 7.279360844050918322e-01
4.157303252095847501e-01 4.514409602345989536e-01
4.597669899746401612e-01 5.095093290266516917e-01
4.400621730716343660e-01 5.525311452928505923e-02
3.265358508440688867e-01 5.265784139816880316e-01
6.718348047889577401e-02 2.215923557056200532e-01
5.114759120589216224e-01 5.426396804694001534e-03
1.533024662082365097e-01 5.716290752194234104e-01
3.841140155748146157e-01 2.533230313091621166e-01
5.386535045225557261e-04 7.874144151152155935e-01
9.203400056989745615e-01 4.602473910353200443e-02
5.351017858148834350e-01 3.354439012994659963e-01
4.661855115267015126e-01 3.456177392169218487e-01
8.395596309897224163e-02 5.663736559645164981e-01
2.881937103641745157e-01 4.294366582842619740e-01
5.476151871191244913e-01 4.410438320341930618e-01
7.698311876151477107e-02 1.611858539692525433e-02
9.242845651510921412e-01 9.759496784208735592e-03
1.943758976945820505e-01 9.703912719957720479e-02
2.376545015159789095e-03 3.179589065869484199e-01
1.407939409533817132e-01 3.949376907108182455e-01
3.185880967311317535e-01 6.465744839239243591e-01
4.278584772650451118e-02 2.125548955487098768e-01
3.277062238265923688e-02 4.901023631603205200e-01
4.877130530083249593e-01 2.731906602123224809e-02
4.598035465970212177e-01 5.393625336665535119e-01
7.359445963738437957e-01 5.649524016192495474e-02
2.965958046935794901e-01 3.035537844639901728e-02
1.199775112342645056e-01 3.037126713695054714e-01
9.167416490437093612e-01 8.289961582396672413e-02
5.249860760993394493e-01 4.544513774517136007e-01
5.080948218575128683e-01 2.708348623822112722e-01
4.812524582564612352e-01 5.003465920156168617e-02
8.871205186853183822e-01 3.438813584726603534e-02
1.206881734838384235e-01 7.871054092394392798e-01
1.256788925779908032e-03 5.745120137291614753e-06
9.120725652395522687e-03 8.184481485214221141e-01
6.767183986406355434e-02 8.146229017322219601e-01
6.459448987452173774e-02 3.480390281012657461e-01
1.207942084670669269e-01 2.948192461523504448e-01
1.375016236784283030e-01 1.182457763423053199e-01
4.550760877029463858e-01 5.425090822798520618e-01
4.433508471237738724e-01 2.155839155981350286e-01
3.848178594282768428e-01 2.539879622979127061e-01
5.196769006723755968e-01 5.474167233407874200e-02
1.684681782540424777e-01 8.494428406909826368e-02
4.346886791061427974e-02 8.248014747069774000e-01
4.991858146665076323e-02 6.395291042392896586e-01
9.252476150848942815e-01 3.163235949613490278e-02
7.418232441362830887e-01 1.586953111226843127e-01
1.085520848565050406e-01 1.765757885992673415e-02
3.841330884361818798e-01 2.391330580648309279e-01
3.807723544238576507e-01 5.932688677679563982e-01
8.385889887462953940e-01 1.392927065098291395e-01
9.896158038595196382e-01 1.375162306780260677e-04
4.024177655272468540e-02 8.829040929259484027e-01
5.990158994476164622e-01 3.570364310075653247e-01
1.966960443738342001e-01 7.633899817046438940e-01
9.328247611117668203e-01 3.034420206567194425e-02
2.516436707305260700e-01 2.163821568305067111e-01
4.414892397391489975e-02 1.087946916967183486e-01
7.386666019209459089e-01 2.443844552934280601e-01
1.764170958819941820e-02 3.296063144315303228e-02
8.749202422040157634e-01 7.470709393300231649e-02
3.962596378675867781e-01 8.020693046296795137e-03
9.051383455744789197e-01 1.183628565581825408e-02
4.073700875891499429e-01 1.406191020614476483e-03
1.262295582433058116e-02 6.552692105165154324e-01
2.508115888831783519e-02 8.899317578861251077e-01
5.547112962792306867e-02 9.309284128193459074e-01
3.491365052481926190e-02 4.558154271492355636e-01
8.841515714439634500e-05 7.868182110082476699e-01
1.440976335656842522e-01 3.784188155218592420e-01
3.311444056190770979e-01 6.455007270328658731e-01
5.632302883245733360e-01 3.305087134662852977e-01
3.723553403052617394e-01 2.749385141047483438e-01
1.740978083092839870e-02 1.122801894855005311e-01
7.066128077444087108e-01 9.426871289038665780e-02
4.224770483870579629e-01 5.774979745166897160e-01
6.172932926087306704e-01 1.947299443061637630e-02
3.971906538530716180e-01 5.219690721481929675e-03
4.008619778905068709e-01 6.029998221449464190e-04
2.728169005862483010e-01 1.447942594848024289e-02
2.737021207578734794e-01 6.104343414515815969e-01
3.722988032097888644e-01 2.924455571091209571e-01
5.110715795324421995e-02 8.764322597347984356e-01
5.700446158357258541e-01 1.831607696146673320e-02
5.056195846758340107e-01 4.823759934328699095e-01
4.971544491175291514e-01 3.298331980448057643e-03
6.292940179264057132e-01 3.414329500303370929e-02
3.130295564662988195e-03 7.629939635355580396e-01
8.885007193669571812e-01 1.487143769405888626e-04
3.003709309294362861e-01 4.126360171894195572e-01
5.338443085677350153e-01 3.236199621660450915e-03
3.370814978746041746e-01 2.258758793297133138e-01
8.455095727540440365e-01 8.864698865313430654e-02
1.000746858219681013e-01 8.535453366722103342e-05
2.383199994969187885e-01 2.229160929300040561e-02
7.891233158503817569e-01 2.085931759383106432e-01
3.166215135037555584e-01 6.109495189583684649e-01
8.926106941731657418e-01 1.028634756326424621e-01
2.539101646971396731e-01 6.543545973625244372e-01
3.018306496677959916e-01 6.565601511011385227e-01
1.470143768167951892e-01 9.291458706324509653e-02
4.984136369129039262e-02 6.542405277600370495e-01
5.151555173162377654e-01 4.815551199846524466e-01
8.432818083385148489e-01 1.292288773899900045e-01
1.640299458749271133e-01 4.760166852174945173e-01
2.678277694192516822e-01 6.473039521316509282e-01
2.362401542714878400e-01 7.219873940642186350e-01
1.502678530904771187e-02 9.841030856457707587e-01
2.841991735343527559e-01 7.138873478805868311e-01
2.211069588016506549e-02 2.163819363459501544e-01
7.561033327879955745e-01 6.868755262261769245e-02
3.450022663868598793e-02 9.418728282797560192e-02
3.976875011367893287e-02 9.376117133409704596e-02
4.555130496249215066e-01 4.609183066803531625e-01
4.230019329665420796e-02 6.475074907863416496e-02
2.239717723266710370e-01 7.566508108056195780e-01
2.807477840051591511e-01 2.572755879232648257e-01
4.228178415332437684e-02 1.938679044475780100e-02
4.458617138485747033e-01 4.098063964724917019e-02
6.170140940361094062e-01 3.148158277388333759e-01
7.828820348731866385e-01 2.164829970155465189e-01
4.900557521236629244e-01 1.305665388466385746e-02
4.533786030100703246e-02 3.784032166936948105e-01
9.922475538947006513e-02 6.227865028296646344e-01
1.483974540876235315e-01 7.923679987477791897e-01
1.726830333807425344e-01 8.202453821629855923e-01
2.164030642883169042e-01 1.990507183301776228e-02
7.706620194893332165e-02 3.006915710576125722e-01
5.172855401657874275e-01 1.998890324838829835e-01
5.916182742738195222e-01 1.331970175955198288e-01
1.050205090014600384e-01 7.513523333495016887e-01
2.310377374785160531e-01 7.685197835173438463e-01
4.471369830481498886e-02 6.252355801919703970e-02
5.897612509845524542e-01 7.506126753810207775e-02
4.792054833298490801e-01 3.396719994095744322e-01
7.175234155634705457e-01 3.518888900536955300e-04
2.079239154699860648e-01 8.502233366209047127e-03
6.851280745453020016e-03 8.715998396906290413e-01
2.278375288399528409e-01 3.570843772515459036e-01
5.547387023242198456e-01 1.058218908214353382e-01
1.937953671432911251e-01 5.377989123086420742e-01
3.741643300332192501e-04 4.157311882465277580e-02
6.525649257577957885e-01 3.480513357418180825e-02
1.294608009779587288e-01 4.376843300944851523e-01
6.292123695046935028e-01 5.255871355062881334e-02
3.332382842441424797e-01 3.386411952121943791e-01
1.420694471060546249e-01 8.242438027690266455e-01
1.604283254947249659e-01 1.951930915689390270e-02
6.130947142875958766e-01 2.348238127163551903e-01
1.926518618949685929e-02 8.360784751919565494e-01
6.824442119962870201e-01 2.682602524640758657e-01
9.783841062190968829e-01 4.426122415287480835e-03
7.450780386103672548e-02 3.489855320415579665e-01
5.866737534230671569e-01 4.049673092471215430e-01
2.643847895081191113e-01 5.138164969225414739e-04
4.528005111510686326e-02 3.688982296551746032e-01
3.901063820881703337e-01 5.683216839849424273e-01
4.462106592509747505e-01 3.897685674496150776e-01
1.950750344436656403e-01 2.089803884870682360e-01
1.034571560133083490e-01 4.128090481612738949e-01
7.023843420807895921e-01 2.697029718875726401e-01
3.127850412668250479e-01 8.733353480205841013e-02
1.237434416390192915e-02 6.895183588800072316e-01
3.729462476948171012e-01 5.745490504423457212e-01
2.247618637153715043e-02 4.630737854881880056e-01
7.447398003110172748e-02 8.543557865898253612e-01
4.912041062932585161e-03 5.787458930937234083e-03
4.301433612575528698e-01 3.259807373387685892e-01
1.005314540297622961e-01 4.114905617301655161e-01
1.373296173942235021e-01 6.950714869668591644e-01
3.304355155312656556e-01 4.739508009861483906e-01
2.622313009709639209e-01 1.752165042804594217e-02
3.075173912486697803e-01 5.435015385555016509e-01
3.090110060728927799e-01 1.252684872231100699e-01
1.212228135641839066e-01 6.709217466550092546e-01
3.619641708381716172e-01 6.377234006065657379e-01
7.306354621350014122e-01 9.386130887290001362e-03
1.011281785755028251e-01 7.186909060511140757e-01
5.716792738619139724e-01 1.382545533456631670e-01
8.664279643231934669e-01 1.333198292804510521e-01
4.684606588438497421e-01 2.314398422708466296e-01
4.495613462476197864e-01 9.319373781688615466e-02
6.961375201149193614e-01 2.304415720958878366e-01
7.393629878780442199e-01 1.529220603609168783e-01
4.800705248673868553e-03 7.291011546656965825e-01
1.633010028652095991e-02 5.452048166426483045e-01
6.760539796915132627e-02 4.749854660410766649e-01
2.763824595377170623e-01 1.607308849999260214e-01
1.405787819631677989e-02 7.073180999863855067e-01
4.589567202034919857e-01 4.636410371559329113e-01
6.058776442117457250e-01 3.316461447828793208e-02
5.421271146869899998e-03 9.856611114874469504e-01
9.738441969556494993e-01 1.973900336066385791e-02
1.110841001620803126e-01 4.963136398911053848e-01
9.702121124105015509e-03 9.056964116890999783e-01
3.303506397127082828e-01 5.731494547261706263e-01
9.872748391936136958e-02 5.913731705180699239e-01
2.978125802062362437e-01 5.146319815661613006e-01
2.133651458132341736e-02 8.223499651647920849e-01
2.605337317198136993e-01 2.356689510719139902e-02
4.825487125358389473e-02 1.628349662905433527e-03
6.294478253248193822e-02 1.783885326246851255e-01
1.106815279170072497e-01 7.567402510193025345e-01
2.744673116100461163e-01 7.220589408173181400e-01
4.030513840638041412e-01 9.868761118587456027e-03
4.800510341338677933e-01 2.176613963557035847e-01
4.380580265556432429e-01 2.172171498102453135e-01
9.415457932887297265e-03 2.084320380942596140e-01
2.873821875929450376e-01 6.098823553571492101e-05
9.056630727127571445e-01 2.323537692958665968e-02
6.510637811078296977e-01 3.155597230752836269e-01
3.147808998646473011e-01 2.125521850202829466e-01
3.209616573021631947e-01 3.698245515180530463e-01
1.289181934705754817e-02 8.364175664458890491e-01
8.560709211089929660e-01 9.281778536179169370e-02
4.799040864493999137e-01 7.393903711742946805e-02
1.120505246298626051e-02 5.561777465132691223e-01
9.429293854770823824e-01 9.760811493928874677e-03
4.329007011637661662e-02 3.479783041997243365e-02
1.136069127993902805e-01 6.932930016101828130e-01
7.842668903231813093e-01 1.902061235850782961e-01
4.945310575277942627e-02 1.799410607874373513e-01
2.562890671241960794e-01 4.652276575132820169e-03
8.314712997500776082e-01 1.678938383584193672e-01
2.043792602352604848e-01 3.730050107221196676e-01
3.381681508211310527e-01 3.429361158285882394e-01
8.843176238620767404e-02 6.880565140545640002e-02
9.765543246011462175e-01 1.758542639323916468e-02
6.428382246283852464e-01 2.876707076669211827e-03
2.257071660936947333e-01 7.042382944895142494e-01
8.249489755400390978e-01 1.474998397673357026e-02
3.054890698675435945e-01 1.075943693639748629e-02
6.916987208685059230e-01 2.411064993227454156e-01
3.551082281119596340e-01 5.371920948589739009e-01
6.151341485300780565e-02 9.277789582013320491e-01
2.954047864074730786e-02 3.965359727419963676e-01
8.282493999667475126e-01 6.999421794752232195e-02
1.924931403275391695e-01 3.704917170261833315e-01
1.528514553103790252e-01 5.826446341990010325e-01
7.149770798963610563e-01 4.250963063649532137e-02
1.387895297849563447e-01 1.479247207413186826e-02
2.840068634746053308e-03 8.419679180828241183e-01
1.301685095783517224e-02 9.477042001414929251e-01
4.877904906027345500e-01 5.067543576038684439e-01
8.109807763581123874e-01 1.824396271352016208e-01
7.177242281687259973e-02 7.760035472557001990e-01
7.548863287715241732e-01 2.209908440447059252e-01
3.550291561697613840e-01 4.032031321716484373e-01
1.052298290954697957e-01 9.246464848931344304e-04
7.648359880429635993e-01 1.672610930208597024e-01
2.606416992278381972e-01 7.345833750824287689e-01
5.067207640456573570e-01 1.131623732097807727e-01
4.545860927740092566e-02 7.647700082092627749e-01
1.005107343589431018e-01 8.765070491598871971e-01
2.335448579222523802e-01 6.870258867287151183e-01
6.845391507182765345e-01 2.060172531806278851e-01
9.116245207527787220e-02 7.253954919275990010e-01
2.333671799681758807e-01 5.186988740732716430e-01
3.519253796554054903e-01 5.011245279064948654e-01
3.132059596429917492e-01 2.554395214730257324e-01
5.957093410614724971e-02 1.595789929466885637e-01
1.851288099584490199e-02 5.566204101575205065e-01
8.977411581741551183e-02 5.237214446405212831e-01
3.118847584774560588e-01 4.991671179405859360e-01
2.212836396769096159e-01 5.679885263148091168e-01
7.057388022626537305e-02 7.548121849809320549e-01
1.553554702808506716e-01 1.535988591729298691e-01
2.561880788620359839e-01 7.409837478551591916e-01
4.772327772784312194e-01 4.928603784164820589e-01
1.614225468411311093e-01 7.968492526083065242e-01
4.115110379946537167e-01 5.827305934774270613e-01
1.316154703208861076e-01 7.646885545332195999e-01
1.255376723339655942e-01 1.200429869587240073e-01
1.299655192790547809e-01 4.658004350566432028e-01
4.855138782849998114e-01 5.460796641516831029e-02
3.484070262668323426e-01 2.526985845137898722e-03
5.031333842459477790e-01 2.274457879873566929e-03
9.537601476131868372e-01 1.503827667630551652e-02
8.404249997096520375e-02 2.504158642102101151e-01
2.886420073278523901e-01 4.252421260010238319e-02
7.564893846262336075e-01 2.027435792114725133e-01
1.116863890155088412e-01 8.612202029292285177e-01
6.161805058049368844e-01 1.483140875398136216e-01
6.338507287371793197e-03 9.138333989375192479e-01
4.626131364239098875e-01 3.104403803129878181e-01
6.755599655786708180e-01 2.936219584375697744e-01
1.445151048266455907e-01 8.546252565181350347e-01
2.452787560985578430e-01 5.871160093662044499e-01
9.212706715425028614e-01 1.788389149268215447e-04
1.296474651118828710e-03 4.572637030331196395e-01
2.622220840245226628e-02 1.339126425254971442e-01
3.102599261372851469e-03 2.279546626307963342e-01
2.562670405048612099e-01 7.146947067279886268e-01
9.400398572302310907e-01 5.082393172816685595e-02
7.467869255948691443e-01 2.818465619082272111e-02
3.736168514835485621e-01 1.446609325971406901e-01
7.014876507881165346e-02 5.529699795083896363e-02
4.967765216349528390e-01 3.126913667149434917e-03
9.576419532496105447e-02 8.768369211177032829e-01
2.548657049456791168e-01 3.603078874940283671e-01
4.525535821363536881e-02 3.276016717455364213e-02
4.583987130492921391e-01 4.214197554033949911e-01
2.223307206245924428e-01 1.180897686906037525e-01
3.368392838321838667e-01 6.041330165592480039e-01
9.307353771240081119e-01 6.157182885574161851e-02
8.618838862417680380e-01 1.190419796466544999e-02
1.049409006510261533e-01 3.238097601060995201e-01
3.041028652994619552e-01 1.543921930059569680e-01
1.323803136126738000e-01 7.610228143488717567e-02
4.088155599300632437e-01 2.550418012360294862e-01
7.017523209932046147e-01 4.880282886567727935e-02
7.845886918499902496e-01 1.896934481304473064e-01
9.281156455969317154e-01 7.164618682816031869e-02
1.175448131288940254e-02 8.189414252310420750e-01
4.519112467071446232e-02 9.539425073432248325e-01
6.686208179888244452e-01 6.403237465135154342e-04
5.624153831829428185e-01 2.326433823181788939e-04
2.344372539605047434e-01 2.880195983689386868e-02
1.920277504891611947e-02 2.316774429359256815e-01
9.036002731122646514e-01 1.099452969850064910e-02
9.238408648866225370e-01 4.854413088833949008e-02
1.834339077522268990e-01 1.668368138167576707e-03
9.178098028260850416e-01 2.292640710159878255e-03
9.079354282085130845e-03 3.278512419862528171e-01
1.152439163397342564e-01 1.993571695499278817e-01
2.899264828064809785e-01 6.961313699463106408e-02
3.090890248172229460e-01 6.742015768051248248e-01
4.467329094219084085e-01 4.263589988246049844e-01
6.478330706191637312e-01 3.480766508661911063e-01
1.567486650873758103e-01 4.444965854631462432e-01
1.314178116743170699e-01 6.772108877076733480e-01
8.616216479952272696e-04 8.141258611559282210e-02
4.644701362336566275e-01 1.250822731455591974e-01
4.829878860531355289e-01 3.727244697875942148e-01
6.505759929701199207e-01 3.027431356810089125e-01
5.314382043669964029e-01 4.319698463985073289e-01
4.978114411949356721e-02 4.166757618767217841e-01
2.443254787629469543e-02 5.072156088426065246e-01
1.148794998556658120e-01 2.268536187950637162e-01
2.341379508970118928e-01 2.526697193695320864e-01
4.044834460150199817e-02 1.257133878785674508e-01
8.861228502815167440e-02 1.658574267308428052e-01
5.042507376130859198e-01 4.929325110224365147e-01
6.273690077083536876e-01 2.679282670758635909e-01
9.025061997537513203e-02 1.542694726542909733e-01
3.906104175737397100e-01 4.667669338290409420e-01
1.373093080090865420e-02 8.280549701433803644e-01
7.837864077759484349e-01 1.862163855621728342e-02
1.621392441610590689e-03 6.073458094663950479e-01
3.297553105642795912e-01 3.301930683703982461e-01
1.281074676245427257e-01 4.092031630313744395e-01
3.306869145961570389e-02 5.220957999340901656e-01
2.480042318596516471e-01 2.396575580746517775e-01
1.903625170453403237e-01 8.096213223247096247e-01
6.886642376940586008e-01 6.378114978215394804e-02
2.542925950879251773e-01 2.033402269865444145e-01
5.375889332723025049e-01 4.212375874124224540e-02
3.198770264370941474e-01 5.782944205511495461e-01
4.747333788572871693e-02 3.120258070074265477e-01
1.336273791816319778e-01 5.694896403558267206e-01
4.721984429906750935e-01 1.258512566358254703e-01
1.853336269727525604e-02 8.393357979714730632e-01
9.719825932014596326e-01 9.397941648895600381e-03
8.986083853867623539e-01 8.835379551606291348e-02
1.325624860215174339e-03 5.588471685734249794e-01
1.306814523216442980e-01 6.867195664824906620e-01
3.830433639366997434e-01 5.031342666101432659e-01
5.679219951812197742e-02 4.678641455108264458e-01
4.462696415739772493e-02 8.722565300945442912e-01
6.700038693013854463e-01 2.354601558627338331e-01
3.677985389395094229e-01 6.275876424827108169e-01
2.917618028533787711e-01 2.474585727133750846e-04
3.464805963898747732e-01 2.367425862128196834e-01
9.007160733233570138e-01 8.589090216380940168e-02
1.561248409000903503e-01 2.934926182335395040e-01
9.929404683369842388e-01 6.279540340616474384e-03
8.022156207344223189e-01 1.890773770819143829e-01
5.708551771214066539e-01 4.270336707357196282e-01
3.445348991798235505e-01 5.390549296036659666e-01
8.407285818278694700e-01 6.908048253282147999e-02
6.468461903496655063e-01 2.518219830526097769e-01
2.966055630174764361e-03 8.909468876883839261e-01
7.548089794169433597e-01 1.580503505704599493e-02
4.012326586483849766e-02 4.600217368297812581e-02
7.963005168364135633e-01 1.441139297460659607e-01
2.329913510151160883e-01 6.849716929796748621e-01
2.805953963573514787e-01 6.170818700129501178e-01
5.134417433232268957e-01 3.929347007532173475e-01
4.543480226708756370e-02 4.526836614794603475e-03
3.241015067172568487e-01 8.562251708241994108e-02
2.172773044625854466e-01 2.763381117272743492e-01
3.866585636768847256e-01 1.966073761939064468e-01
8.008796312202886014e-01 1.218540517237024223e-01
3.185933088382050804e-01 4.056769770661483587e-01
9.387017281414070102e-02 8.310483771876524539e-01
4.879625702782212915e-03 3.266937000385058965e-01
6.701969445800211034e-01 2.503657211829898952e-03
9.467087450082950495e-02 1.718120274719550644e-01
5.350476156542733897e-01 2.619779102156720163e-01
1.419846012181938955e-01 2.455763474871873464e-01
5.683140721657927719e-01 1.153834915029221531e-01
2.342210763548657759e-02 4.478902514585287875e-01
2.947475249443560763e-01 4.339308350192082608e-01
4.566066024642203569e-01 2.614021039993613127e-01
6.869601164827459083e-01 1.669503765543610841e-03
2.602079510865064060e-01 2.374596167877707775e-01
1.775247906328356051e-01 7.162721448124879098e-01
1.394540606573590191e-01 5.642177054457544472e-01
4.202334346081018079e-01 2.899190568212125507e-01
4.267825668713761122e-01 2.340088358057384743e-01
4.388954778432693771e-02 8.206806675785313088e-01
5.673068466934222398e-01 2.810216773995843353e-01
9.147511530782932027e-03 9.818711267743063242e-01
9.415436548312638987e-02 8.986959190497685324e-01
3.788430319220947307e-01 6.141739629511573373e-01
1.013293473263411626e-01 8.984942867147092116e-01
4.605102256106624048e-01 1.136911934303847516e-01
3.381247623517917855e-01 1.956831876945211435e-01
3.765424138905294482e-01 3.508699938931698625e-01
3.988320853066900512e-02 1.437629746807689290e-02
7.072212242972461538e-02 1.793994934016805015e-02
5.008290980880427679e-01 6.516889871457332006e-02
9.278469742010451160e-01 4.833633063238673006e-02
4.091948237939704303e-01 4.511693294854710046e-01
5.400966839853370977e-03 9.631482714268116974e-01
9.771548388032370580e-01 1.625725109265896071e-02
3.745382499091400863e-01 3.413126694657371840e-01
8.161501797714213469e-01 3.120476308197889237e-02
4.708819927892284873e-01 2.991878136672741495e-01
3.717443771438073280e-02 2.710243930231401310e-01
3.857724086023072152e-01 7.567593330909377913e-02
2.854552209962608056e-01 5.465738429861496384e-01
4.249771131264152846e-01 5.352715051345295905e-01
7.740438263429904042e-01 1.872242490090713085e-01
7.930235628094550737e-02 2.212015631136367566e-01
2.408769513697623932e-01 4.699821139776822476e-01
3.567576286293432375e-01 6.351661934496747319e-01
3.326194251075658692e-01 2.301303415720087897e-02
1.626432418805502378e-01 4.434933240360657281e-01
2.159391645389441283e-02 8.267673876668197863e-01
6.352351973551291220e-01 3.445516975429776529e-01
9.201487722119832124e-01 7.626287635361686523e-02
6.496409516515684324e-01 1.655211057805179575e-02
3.302552718338163107e-01 4.869740355594517900e-01
6.358505614553815466e-01 3.434225168756771529e-01
1.168443061257579685e-01 1.187807614761768049e-01
1.113976437822608578e-02 5.212610066204539372e-01
1.483132065002157884e-01 1.786069239872661030e-01
1.549546479887073391e-03 5.967625678798506028e-01
7.267237737729935754e-01 2.535537250459184988e-01
6.194207487532402689e-01 1.812340157319031198e-01
4.874193826080799319e-01 6.544920075444030094e-02
3.975482362273249359e-01 2.173738429257881799e-01
1.359689606367967332e-02 4.977803432128647954e-01
6.949092129352350822e-02 2.669679278141519063e-01
7.776870883990237848e-01 2.164319696800519610e-01
5.386101264112994613e-01 7.705313211617074998e-02
5.803010330183105969e-01 2.186259574183030685e-01
1.847868538945165173e-01 7.331348844361426087e-01
5.944770367858209781e-02 3.887560488383048352e-01
2.631020625020824566e-01 1.995208512077139562e-01
2.713811660991580221e-01 5.512594669679847792e-01
7.474402010654668249e-01 2.502922403950221253e-01
7.746428468671689993e-02 9.189174445500830624e-01
1.890696634697676126e-01 2.819581939140943794e-01
4.200312692906785217e-02 1.129428050946441053e-01
1.231828775299188480e-03 9.579551907838796954e-01
1.482681725777778015e-01 4.740421505625398435e-01
1.010280677540037891e-01 8.412369922899749497e-01
8.003365181422357477e-02 8.311807731123134202e-01
4.054308940540383155e-01 4.600178782555919277e-01
5.995922229392107727e-01 1.087077199071064502e-02
1.984473358104292540e-02 3.272059753732437515e-01
2.327974678301733269e-01 8.328110380529385459e-03
7.455563814414532808e-02 9.230206751751138805e-01
1.455314555269071608e-02 4.811048412340672709e-01
1.847589160262341768e-02 5.355749412420167388e-02
3.694843002892431866e-02 2.613242436358598209e-02
6.185375510299747637e-01 3.788436869701834464e-01
3.946669971957376677e-01 5.666584265049168234e-01
1.101419130917249392e-04 7.190543533740310078e-01
6.070776527264946099e-01 3.826413452572490215e-01
5.210914473079852893e-01 4.292154299255878103e-01
3.319236690674662316e-02 9.656196522624856948e-01
3.977334558612574122e-01 3.682698373838718675e-01
8.705183452361812124e-01 3.903490407252518946e-03
5.163305563544828836e-02 1.760270737092556326e-02
4.299758820253189728e-02 2.626173565386116238e-01
5.950870214741051933e-01 1.253917376532718841e-01
2.495703165340216190e-01 7.404551192489525757e-01
9.666670318627303832e-03 6.141369958243168004e-01
1.152239508176004443e-02 1.382408615026139431e-01
1.717538389698376744e-02 6.003163270919115169e-01
4.278623742513381067e-01 2.613805186384993706e-01
8.972364668769415852e-01 8.843420524887130041e-02
7.601914868324113339e-01 1.595804172603550175e-01
8.330200881301808025e-02 8.749804068625732789e-02
2.502623301345244244e-01 7.366901258282052556e-01
9.669669391434038141e-02 2.449304624284665000e-01
9.109352553127725294e-02 5.265006106024754384e-01
7.166052703330151319e-01 2.668874383688887297e-01
1.320640470232672392e-01 6.162787607242160570e-01
9.505820621347819133e-01 3.150080384132648154e-02
5.200044409049120464e-02 1.768235670087070499e-01
1.427633329827308721e-02 9.597238666860313794e-01
4.196408918962307721e-03 5.887594673234448628e-01
6.551281237917312428e-01 3.402569723693047443e-01
3.262645196345696774e-02 8.430155795597419344e-01
4.481096479933283083e-02 4.004030020140502133e-01
1.376312178642593864e-01 3.659824651543644447e-01
2.837825926913045693e-02 4.178617391364422007e-01
2.192289025931566937e-01 7.809665370273617679e-02
9.067958921026469943e-02 8.893101009043948846e-01
9.538979743343434237e-01 7.890232827518495196e-04
5.045048307651318620e-01 1.140078521235358966e-02
4.582408240500042140e-01 1.081153007271952737e-01
8.297676630977978141e-01 7.017999568561097967e-02
6.211699934921236510e-01 8.997899379867070266e-03
2.938733237682622512e-01 7.410098987510548539e-04
3.262332263871203231e-01 4.525783606109320401e-01
4.817735628826280148e-01 4.738511681661962127e-01
6.161928257579088811e-03 7.683273754326959137e-01
5.131699210017556245e-01 1.186826811745679139e-01
1.537478400666821843e-01 5.511009304300897721e-02
4.787020045006816771e-01 5.129483512055798000e-01
3.054452915246643752e-01 5.021243361019983587e-01
5.253514034376854935e-02 2.335067941492097732e-01
4.397015993325251726e-01 4.414543829892640936e-01
8.251586456300115113e-01 1.728293641968680142e-02
2.287372301261013652e-01 6.591058216965083039e-02
2.878847396408369397e-01 8.861093266761113640e-02
2.937309728362256234e-01 6.757264560098421580e-01
8.467719076011499535e-01 9.238637159495480256e-02
1.552227095759868836e-01 8.374007800924367917e-01
1.083455113983074897e-01 5.352011785781214392e-01
4.336308277828175295e-01 4.097046827501711341e-01
3.022896713775108934e-01 5.857267887099775611e-02
3.148482704292725476e-01 3.195438559582196997e-02
1.032255274757887809e-01 6.318596820342023967e-01
9.053901094244080072e-01 6.262230778413912895e-03
1.661284886239332570e-01 4.847812594219834681e-01
1.939217338688957459e-01 2.441921839522548654e-01
7.601914868324113339e-01 1.595804172603550175e-01
2.457336495914755337e-01 3.512798896970802387e-01
1.449718032623808616e-03 2.471271879435042729e-04
1.676559219356747819e-05 4.663331816984935818e-01
1.188043646926824071e-01 1.071377681093713397e-01
2.040254891725259306e-04 2.882616159327023309e-01
5.452168043913573764e-02 5.069350919126812682e-01
2.933045016107623804e-01 5.663807491057356591e-01
8.302916856300879278e-02 5.891458214523136450e-01
3.101537076484452982e-01 4.675273992580242788e-01
5.188785949747414250e-01 3.679342519142261292e-01
3.451150964343763228e-01 4.112151710138844951e-01
3.092553441779472001e-01 2.244282324469369649e-01
4.084354188766305127e-02 1.869205901027103378e-01
6.657028946572542127e-02 8.301304187437029691e-01
3.784018124226335988e-01 4.895452362686622538e-01
4.924599143684423030e-02 7.119921051697587489e-01
3.455257848969155998e-01 6.463950770966858661e-01
3.503141256377484761e-04 8.624685858493480461e-01
5.896440851095287039e-01 2.895115259036345479e-01
3.694604395927859053e-01 5.216867678621496252e-01
3.749113125778251732e-01 4.343013579745906294e-01
6.992211068631528637e-01 1.583168197528457277e-01
2.543334002517169679e-01 6.251273201772146182e-01
8.414127150622983109e-01 8.239687269034570716e-02
8.501997132490456410e-01 1.276193963360181260e-01
1.576813820878585418e-03 7.101632161476840732e-01
1.451576466202482429e-02 3.378244748047223300e-01
8.692748749047178591e-02 8.508264980063564575e-01
2.972952969318026772e-01 3.135020485776813803e-01
3.465468711300559446e-03 9.328884516153592710e-01
3.211326987360531016e-01 6.047839126491626471e-01
3.372777188161207307e-01 2.042343127218338439e-01
3.386502607205719162e-01 4.907049576187344497e-01
3.693799578406531392e-01 1.707329356952554389e-01
8.000181835762477933e-02 9.454221451573241453e-02
5.985362584936191332e-01 3.977874911759051724e-01
5.790240059301654529e-02 6.704018492280214847e-01
4.950718515319588869e-02 4.660115868913679906e-05
5.811354835181726797e-01 1.926779841985899189e-01
2.433458421014435547e-01 8.967890666912786690e-02
2.987099134650671450e-01 1.028034601229299572e-01
4.072658160016487394e-01 4.680664235312763100e-01
8.291868262068592399e-01 1.390958562541075305e-02
5.028436521422945393e-01 4.683544794681946399e-01
3.028231333172528433e-02 9.669552892168188363e-01
3.553181876335633205e-01 1.494482374704028949e-01
1.961372895086258006e-03 6.175555356599913281e-01
2.839355741574428257e-02 1.414612705708296891e-01
2.528070962299888702e-01 3.520332726269053691e-01
3.825943172134754766e-01 2.552408793508817442e-01
7.706620194893332165e-02 3.006915710576125722e-01
1.194381403012623015e-02 6.471374051084018975e-01
2.572077823447938352e-02 8.438722678635968144e-01
7.064096686692817872e-01 2.040935618835006127e-02
1.490888917145781478e-01 5.380605715563661906e-02
4.580971111229308057e-02 9.198239708165121264e-01
2.651020782302118128e-01 2.746330704412789370e-01
3.120528926802199621e-01 1.753441252807338285e-02
2.234093532023330719e-01 4.635607033604786653e-01
5.968333247543473608e-01 1.760241332310902643e-02
8.631332509161352418e-01 3.028203215403219017e-02
1.641726499739051548e-01 8.328017623424472937e-01
2.161963481140159737e-01 4.388840615731364088e-03
5.451793575089561861e-01 9.320739096324670570e-02
6.990510596310771374e-02 1.514218566932707677e-01
8.018557138719499822e-01 2.133937244932881949e-02
3.412716507673189265e-02 8.368652912472547278e-01
3.361071431756371686e-01 6.616111299738254292e-01
2.754386302864203495e-01 1.958088924001011311e-01
4.207068808244903146e-01 4.513009927787262066e-03
3.100443930657498237e-02 2.547212831171642988e-01
4.906033935406219904e-01 1.871921042581670830e-02
5.992219157342150160e-01 3.921044970144305086e-01
4.685635778760765535e-01 3.757832390937135836e-01
7.241310952752873925e-03 2.183395265662153029e-01
1.171335457746845998e-01 7.079641032842129977e-01
8.000021882353768321e-01 1.889573664662908270e-01
5.941330176803470975e-01 4.127150646878380291e-02
9.028315183699545665e-01 2.103134412594231950e-02
6.160103482172485378e-01 3.348715698069403279e-01
6.512435116024624382e-02 2.473635418009553499e-01
4.479597881107770518e-02 5.085165600740657599e-01
6.500208897555579401e-01 2.878471181627846320e-01
7.407817327968899690e-01 2.480470035953046548e-01
7.123938837923454725e-02 3.867860142586639904e-01
2.025403823009389037e-01 6.810761770094624357e-01
1.148543058123632221e-01 8.209142506915054760e-01
1.201471795541447091e-02 2.888336192144119186e-01
3.193713532135229460e-01 6.155651389363386849e-03
1.428559415228447538e-01 7.797042918884696805e-01
9.264768554495934894e-02 7.631641608625545636e-01
4.728084652606747307e-05 9.306439915247954886e-01
8.666052236186216895e-03 4.288644970666586481e-03
7.267911583486316163e-01 4.444765369052666726e-02
2.604749899256426637e-01 2.641731210973331523e-01
2.582817579621914800e-02 9.731575173839267512e-01
2.393993106916003644e-02 2.163630774464156969e-01
1.685047257197999915e-01 3.070603384592893170e-01
1.374827374588491469e-02 9.051488160137100003e-01
1.820425131114689621e-01 1.931439737625467723e-03
2.096913801415559164e-01 7.504017531385591688e-01
2.078783634540092573e-01 7.920919489681083059e-01
1.622998100964944401e-01 4.329137341770969427e-01
6.981839261802075258e-01 7.104415908255334866e-04
4.021355527281927356e-01 4.971653080643146927e-01
9.613235047532684430e-01 3.862584316274782215e-02
1.361134702545622466e-01 2.022969298600260646e-01
4.019559486277867189e-01 5.581121521412188979e-01
6.594589103015706388e-02 1.925424618296746049e-01
9.118014054747142216e-01 2.035205863315150271e-03
2.154104594354877555e-01 7.087252086362922920e-01
5.255834703545451125e-01 2.433455432232451421e-01
4.462696415739772493e-02 8.722565300945442912e-01
4.539118430062274445e-01 1.273441230492498577e-01
9.501362098124029876e-01 1.512220108630323717e-02
8.879462687486723294e-01 4.282032149606463528e-02
4.941877810988170028e-01 4.666406982992020724e-01
3.608033418055565239e-02 9.439748421108533627e-01
1.908214077381274465e-01 7.501855472271842240e-01
8.786808583223257862e-01 5.009957291542545266e-02
1.292210132316202187e-01 3.385064912249149405e-01
2.139487121203977049e-01 7.841575980614773345e-01
1.432398113124087533e-02 1.922631693230652805e-01
2.076973968350814825e-02 1.163194844465581523e-01
3.746817742778317806e-01 4.624647013559241016e-02
9.412826786915590160e-02 2.546494161839327752e-01
1.138097439329248950e-01 5.169040758522336354e-01
9.266757205518194596e-01 5.961559897100182637e-02
5.227049594121842002e-01 4.180402556302975636e-02
3.658394109148826456e-01 5.632345230513132739e-01
1.070605997371707752e-01 7.143561523843114935e-01
5.772170457371432750e-01 2.343259027501232161e-01
1.783293753438487950e-01 2.544326965791017248e-01
4.713680368739703308e-01 1.406923867061552098e-02
8.629904953564676573e-02 7.266506054097485734e-01
3.445833675517638861e-01 3.569940769802761732e-02
2.556144553571471634e-01 6.136907469903869483e-01
2.379991072669330743e-01 5.229063684592519801e-01
1.281023638777798596e-02 5.625063862405080967e-02
4.061591677795719502e-01 1.654771911009539909e-01
1.792909570321480350e-01 3.684056494091431100e-01
7.236620978247176872e-01 8.339147380205011451e-02
1.438429097055569580e-02 7.873556271978072729e-01
3.683299561869454175e-01 5.834207015992272094e-01
8.240809885210519381e-01 8.907699400414470503e-04
2.482017604239868391e-01 8.999587429717426437e-03
7.912114964112189341e-02 5.694008475193240715e-02
2.418698743245866270e-03 9.729509153818347578e-01
7.029571521806998735e-01 7.691440043862736269e-03
2.589032807968548733e-01 7.167438309474701841e-01
1.767672262876354428e-01 6.637900782678884948e-02
3.356083966507951710e-01 6.329405665806886461e-01
6.137136217546156347e-01 2.639058255801599584e-01
4.787538792845983382e-01 1.190255130554290081e-02
9.295487255707541863e-01 2.078893860338637198e-03
9.972475841114644690e-03 9.056970882016619484e-01
5.579920037451450154e-01 4.388375205956177583e-01
3.466296916505966497e-01 1.940017540359092740e-01
1.121237714475001312e-01 8.576134004191458826e-02
9.172346474869883526e-01 4.616445396832605935e-02
7.125429617241033631e-01 1.775749373489604044e-01
3.313624959810559378e-01 6.137243552396650648e-01
3.018900702899768307e-01 5.629546283703744658e-01
1.961545858467628189e-01 6.475988814254172166e-01
6.241892000918880827e-04 1.927100754896025614e-01
6.444657880599714561e-01 1.432389666494311431e-01
1.232475863012034156e-01 3.537089318618436007e-01
6.439928714460164683e-01 1.943196077488155982e-02
2.074891794719373878e-02 6.265682755934314230e-01
3.011218673335020468e-01 6.952733812398969038e-01
6.287884862547075127e-01 1.245053171405142815e-02
2.424551572861409487e-01 7.548642865972353677e-01
8.676934490138152878e-01 7.641791710731732357e-03
3.731136691586017240e-01 1.183171900984917591e-01
5.626905189455941314e-02 1.571196195596058845e-02
5.528875843848812810e-03 5.239388260592893198e-01
2.530846232312898847e-01 7.897592965346861282e-02
9.677737981090926700e-02 8.861883778289623148e-01
6.167087962801974799e-01 2.378302738424490359e-01
8.960179900038402201e-02 2.093539066280188377e-01
4.707804608781329114e-01 1.105119008504458211e-01
8.151530882445687798e-01 8.579050276270742958e-02
7.656700421378040966e-01 2.313726736468223466e-01
1.015066550232945480e-01 2.732027030844684165e-03
1.135346485243467554e-02 5.404443809653859399e-01
4.837448722971041670e-01 1.512073339599517285e-01
2.257596907451606127e-02 6.487058800782788959e-01
5.853446563361608401e-02 4.982823966700347107e-01
2.638654263954443024e-02 7.879647674350859221e-02
8.640048517090047620e-01 1.328070275606889339e-01
4.967669269664152232e-01 5.071217440475495053e-02
1.478745382612740855e-02 9.852097740885281674e-01
3.796251888496409710e-01 5.172120533693462807e-01
6.264894143693489070e-02 7.227015449328233476e-01
5.483258721216808240e-01 1.099405586078627400e-01
5.726290817894782309e-02 1.063521169831752461e-01
1.547531940755367263e-01 5.547682722644146081e-01
4.334705113750701895e-03 7.016916314596982618e-01
7.879252443211279266e-02 2.841932614487733405e-03
8.144279704838774947e-01 1.585996352106495699e-01
1.588696124580900315e-02 5.619791499083977016e-01
5.554992835517500588e-03 8.669302649251071635e-01
9.351295097081062380e-02 4.477330426618678083e-01
5.124654964564264725e-01 1.383199775036444978e-01
5.411070280250933617e-01 2.505665907325076852e-03
4.521062641255093051e-01 4.053257152340804526e-01
2.748527879537538410e-01 9.397285834327059884e-02
5.741492447014692191e-01 1.276792653803146722e-03
4.414374613671698810e-01 3.406829063361664980e-03
1.539588956853463475e-01 6.035090568456593640e-01
2.367261955090908532e-01 6.197283263252433283e-01
1.191368523660707402e-03 9.931878745488150750e-01
3.890457991829726625e-01 1.473142645492726555e-01
2.736471154869976607e-01 7.262555202788387732e-01
1.965713579269185718e-01 5.610428446864066387e-01
1.075333400374000742e-01 1.866033842685770605e-01
3.525964476490102695e-01 5.271118241161902862e-01
6.059626205747336014e-01 1.208023025055423444e-02
4.258292044939832044e-01 5.139667605196553968e-01
2.581917810688817427e-01 4.792225123666602471e-01
3.750467694315230971e-01 2.935458641917649270e-01
4.493356074004719036e-01 5.125037791672630849e-01
3.742720527739816228e-01 4.155650662587062616e-01
1.511215443933732749e-01 3.761931271620500006e-03
1.333841060938758261e-01 4.561316534494243569e-01
6.177583984461861855e-01 2.044175091998264582e-01
5.021769289142313797e-01 3.594147448763652664e-01
1.068846139042685384e-03 8.538548988565454190e-01
4.285673195224894982e-01 1.686654804831534404e-01
5.209660154523132469e-01 3.733607610528659471e-02
1.448076408461575204e-01 1.101582520413500188e-01
6.408615426798244252e-01 3.355038970210973970e-01
2.011562144537424879e-01 3.514598521973315119e-05
3.689581430988084221e-02 3.915397399912253773e-01
3.361213506682378949e-01 6.575337890487424897e-01
2.353525508031838742e-01 3.389591830619576029e-01
9.174751684073577662e-01 6.998112622341000344e-02
8.191670844191123457e-01 4.479847689154732582e-02
3.114816339900318143e-01 6.845999051579126915e-01
6.668608178843523637e-01 1.722055475726791962e-01
7.421636578998211942e-01 2.487665693125988564e-01
2.577270540569825963e-02 1.348849809067640543e-02
7.562181490359335401e-01 1.754058961103540648e-01
2.807900974186187670e-01 1.216113079291548382e-01
6.186859730613021302e-01 3.445544704867377073e-01
7.845886918499902496e-01 1.896934481304473064e-01
8.688761756277074699e-01 3.397837512580348385e-02
4.811638418281874996e-01 1.351687035535446835e-01
4.795312552255659444e-01 5.057942134349882601e-02
1.184046158569336538e-01 4.703038016965224166e-01
9.587673246369087243e-01 3.248243063171178668e-02
1.972830722828042282e-04 9.053042028247969553e-01
3.761113373502627533e-01 9.021743522109750002e-02
2.572811893075939160e-01 4.171699864979067085e-01
7.856712946304028611e-01 2.029754692625607704e-01
1.657583092976415082e-02 5.357931850533188545e-01
5.449698282732728938e-03 1.732388701906328876e-01
8.803716413563210663e-01 5.966447360184963522e-02
1.763308996246243654e-01 1.791291094720760257e-01
2.109179012128991615e-01 6.760593471214715322e-01
1.900913269442792985e-01 2.065301252839593649e-01
2.349582888685057547e-01 5.279562305507619069e-01
2.989142604140752613e-01 1.537442784675921355e-05
1.464731687161708630e-02 9.734163740875869664e-01
3.810931969691314647e-01 1.162730520170339454e-01
1.360259445259199007e-01 9.099474124570634814e-03
1.386717795119473684e-01 6.439650884930130381e-01
4.225086315609708487e-01 2.026945676343780145e-01
5.589114058063364698e-01 2.297372007892984347e-01
7.566816995772410737e-01 1.109173787491158081e-01
7.359030717211796357e-01 1.948643234615592690e-01
6.320380438641735044e-01 1.176897855445777075e-02
2.162493124729269675e-02 5.786973506822988833e-01
4.555130496249215066e-01 4.609183066803531625e-01
6.212321056910645733e-01 4.340191611292684194e-03
3.143345871235754541e-02 2.320263740581276490e-01
8.565311684898714584e-02 8.307463737675704341e-01
3.320304575085484926e-03 4.661665384983668114e-02
7.352618358319532033e-02 9.163397070671915889e-01
8.890450421961616084e-03 1.987725146126860520e-01
6.800143863015336576e-01 2.765821484659672924e-01
1.472912396376294120e-01 7.552571146469068131e-01
4.958634496429523697e-01 9.066960499302834098e-03
2.100440623150954533e-01 7.593553250849095493e-01
4.738885104791393243e-01 4.783190285287097221e-01
3.243974624770040172e-01 2.563251139353589503e-01
6.588927287346198203e-02 1.702861096296247045e-01
1.377397177907162132e-03 6.932774653176790869e-01
1.178908955170018986e-02 9.853438490808391625e-01
1.879916728293570816e-02 7.004057242118706395e-01
1.904331821817916159e-01 8.014885722475163510e-01
1.009843842895528053e-02 5.304989434276494720e-01
2.754218375356659934e-02 8.253010607171442636e-01
2.515189325018648420e-02 6.649659950657408336e-01
1.700216934949997927e-01 8.062833020082084134e-01
7.267468457075435539e-01 1.905209898680468861e-01
4.756216972553515415e-02 7.658377441998790447e-01
2.253621576113425951e-01 1.382322943911325208e-01
1.458079085748678616e-02 8.282868623380191808e-01
3.519544823077233597e-01 1.478173734091348460e-02
1.192699962528465281e-02 9.395461098803881139e-01
6.322071340937687745e-02 2.583337102247924011e-01
8.793349123512897436e-02 5.040901449366268494e-01
2.571787024440466349e-02 6.901288414736348464e-01
9.768828310107041668e-01 1.263523313623245332e-02
3.537229109472930788e-02 4.711523342507903944e-01
2.658257551634197746e-01 5.597887748970916677e-01
1.582731915410150875e-02 8.371061266906441034e-01
1.485614366298996791e-01 5.082604686079534861e-01
2.276955921247446335e-01 4.419713568984796059e-01
1.953724899679102900e-01 7.720408786747172680e-01
4.002789538548804371e-01 3.441110713188837433e-01
4.350721387579926103e-01 1.245244628308813106e-01
7.458176628959024557e-01 1.094026714418100954e-01
5.586543035364611720e-01 2.156242435049351633e-03
8.674103321473676520e-04 5.236734609237839733e-01
4.233994693202103310e-02 7.735463973343237321e-03
2.907809130672165954e-01 2.132456182974989956e-02
6.167387451381235453e-01 1.541757952379672891e-01
4.189887931430513746e-02 8.206064481947584754e-01
2.644504520657010582e-01 4.800546727616231690e-01
8.327646454509094465e-01 1.658749676068788093e-01
2.068343126432818091e-01 1.339408711759316750e-01
4.181887080594025585e-01 3.966892223168336784e-01
1.841347660314564434e-03 6.608201672358843259e-01
6.568662943232256302e-01 1.748664049319094693e-01
6.716735853860633654e-01 3.221347122661735174e-01
7.555810113204598499e-01 2.426281843015255513e-01
6.294431301758973696e-02 2.485192000718339234e-03
1.981500395937743630e-01 5.414885897548125104e-01
3.586490785725586217e-01 1.680275553637398112e-01
